# JRE version: 7.0_13-b20
# Java VM: Java HotSpot(TM) 64-Bit Server VM (23.7-b01 mixed mode windows-amd64 compressed oops)
Heap
 PSYoungGen      total 29312K, used 3307K [0x00000007d62b0000, 0x00000007d84b0000, 0x0000000800000000)
  eden space 29248K, 11% used [0x00000007d62b0000,0x00000007d65e2c20,0x00000007d7f40000)
  from space 64K, 50% used [0x00000007d84a0000,0x00000007d84a8000,0x00000007d84b0000)
  to   space 1664K, 0% used [0x00000007d8170000,0x00000007d8170000,0x00000007d8310000)
 ParOldGen       total 85632K, used 1036K [0x0000000782800000, 0x0000000787ba0000, 0x00000007d62b0000)
  object space 85632K, 1% used [0x0000000782800000,0x0000000782903120,0x0000000787ba0000)
 PSPermGen       total 21248K, used 7091K [0x000000077d600000, 0x000000077eac0000, 0x0000000782800000)
  object space 21248K, 33% used [0x000000077d600000,0x000000077dcece70,0x000000077eac0000)
GC Heap History (10 events):
Event: 15.934 GC heap before
{Heap before GC invocations=4 (full 0):
 PSYoungGen      total 37504K, used 33280K [0x00000007d62b0000, 0x00000007d8c80000, 0x0000000800000000)
  eden space 32192K, 100% used [0x00000007d62b0000,0x00000007d8220000,0x00000007d8220000)
  from space 5312K, 20% used [0x00000007d8220000,0x00000007d8330050,0x00000007d8750000)
  to   space 5312K, 0% used [0x00000007d8750000,0x00000007d8750000,0x00000007d8c80000)
 ParOldGen       total 85632K, used 8K [0x0000000782800000, 0x0000000787ba0000, 0x00000007d62b0000)
  object space 85632K, 0% used [0x0000000782800000,0x0000000782802000,0x0000000787ba0000)
 PSPermGen       total 21248K, used 7086K [0x000000077d600000, 0x000000077eac0000, 0x0000000782800000)
  object space 21248K, 33% used [0x000000077d600000,0x000000077dceb938,0x000000077eac0000)
Event: 15.935 GC heap after
Heap after GC invocations=4 (full 0):
 PSYoungGen      total 37504K, used 1072K [0x00000007d62b0000, 0x00000007d8c80000, 0x0000000800000000)
  eden space 32192K, 0% used [0x00000007d62b0000,0x00000007d62b0000,0x00000007d8220000)
  from space 5312K, 20% used [0x00000007d8750000,0x00000007d885c060,0x00000007d8c80000)
  to   space 5312K, 0% used [0x00000007d8220000,0x00000007d8220000,0x00000007d8750000)
 ParOldGen       total 85632K, used 8K [0x0000000782800000, 0x0000000787ba0000, 0x00000007d62b0000)
  object space 85632K, 0% used [0x0000000782800000,0x0000000782802000,0x0000000787ba0000)
 PSPermGen       total 21248K, used 7086K [0x000000077d600000, 0x000000077eac0000, 0x0000000782800000)
  object space 21248K, 33% used [0x000000077d600000,0x000000077dceb938,0x000000077eac0000)
}
Event: 16.715 GC heap before
{Heap before GC invocations=5 (full 0):
 PSYoungGen      total 37504K, used 33264K [0x00000007d62b0000, 0x00000007d8c80000, 0x0000000800000000)
  eden space 32192K, 100% used [0x00000007d62b0000,0x00000007d8220000,0x00000007d8220000)
  from space 5312K, 20% used [0x00000007d8750000,0x00000007d885c060,0x00000007d8c80000)
  to   space 5312K, 0% used [0x00000007d8220000,0x00000007d8220000,0x00000007d8750000)
 ParOldGen       total 85632K, used 8K [0x0000000782800000, 0x0000000787ba0000, 0x00000007d62b0000)
  object space 85632K, 0% used [0x0000000782800000,0x0000000782802000,0x0000000787ba0000)
 PSPermGen       total 21248K, used 7086K [0x000000077d600000, 0x000000077eac0000, 0x0000000782800000)
  object space 21248K, 33% used [0x000000077d600000,0x000000077dceb938,0x000000077eac0000)
Event: 16.716 GC heap after
Heap after GC invocations=5 (full 0):
 PSYoungGen      total 32576K, used 1104K [0x00000007d62b0000, 0x00000007d8760000, 0x0000000800000000)
  eden space 31424K, 0% used [0x00000007d62b0000,0x00000007d62b0000,0x00000007d8160000)
  from space 1152K, 95% used [0x00000007d8220000,0x00000007d8334060,0x00000007d8340000)
  to   space 1344K, 0% used [0x00000007d8610000,0x00000007d8610000,0x00000007d8760000)
 ParOldGen       total 85632K, used 8K [0x0000000782800000, 0x0000000787ba0000, 0x00000007d62b0000)
  object space 85632K, 0% used [0x0000000782800000,0x0000000782802000,0x0000000787ba0000)
 PSPermGen       total 21248K, used 7086K [0x000000077d600000, 0x000000077eac0000, 0x0000000782800000)
  object space 21248K, 33% used [0x000000077d600000,0x000000077dceb938,0x000000077eac0000)
}
Event: 17.500 GC heap before
{Heap before GC invocations=6 (full 0):
 PSYoungGen      total 32576K, used 32528K [0x00000007d62b0000, 0x00000007d8760000, 0x0000000800000000)
  eden space 31424K, 100% used [0x00000007d62b0000,0x00000007d8160000,0x00000007d8160000)
  from space 1152K, 95% used [0x00000007d8220000,0x00000007d8334060,0x00000007d8340000)
  to   space 1344K, 0% used [0x00000007d8610000,0x00000007d8610000,0x00000007d8760000)
 ParOldGen       total 85632K, used 8K [0x0000000782800000, 0x0000000787ba0000, 0x00000007d62b0000)
  object space 85632K, 0% used [0x0000000782800000,0x0000000782802000,0x0000000787ba0000)
 PSPermGen       total 21248K, used 7086K [0x000000077d600000, 0x000000077eac0000, 0x0000000782800000)
  object space 21248K, 33% used [0x000000077d600000,0x000000077dceb938,0x000000077eac0000)
Event: 17.501 GC heap after
Heap after GC invocations=6 (full 0):
 PSYoungGen      total 31808K, used 1088K [0x00000007d62b0000, 0x00000007d8730000, 0x0000000800000000)
  eden space 30656K, 0% used [0x00000007d62b0000,0x00000007d62b0000,0x00000007d80a0000)
  from space 1152K, 94% used [0x00000007d8610000,0x00000007d8720050,0x00000007d8730000)
  to   space 1344K, 0% used [0x00000007d8490000,0x00000007d8490000,0x00000007d85e0000)
 ParOldGen       total 85632K, used 8K [0x0000000782800000, 0x0000000787ba0000, 0x00000007d62b0000)
  object space 85632K, 0% used [0x0000000782800000,0x0000000782802000,0x0000000787ba0000)
 PSPermGen       total 21248K, used 7086K [0x000000077d600000, 0x000000077eac0000, 0x0000000782800000)
  object space 21248K, 33% used [0x000000077d600000,0x000000077dceb938,0x000000077eac0000)
}
Event: 18.261 GC heap before
{Heap before GC invocations=7 (full 0):
 PSYoungGen      total 31808K, used 31744K [0x00000007d62b0000, 0x00000007d8730000, 0x0000000800000000)
  eden space 30656K, 100% used [0x00000007d62b0000,0x00000007d80a0000,0x00000007d80a0000)
  from space 1152K, 94% used [0x00000007d8610000,0x00000007d8720050,0x00000007d8730000)
  to   space 1344K, 0% used [0x00000007d8490000,0x00000007d8490000,0x00000007d85e0000)
 ParOldGen       total 85632K, used 8K [0x0000000782800000, 0x0000000787ba0000, 0x00000007d62b0000)
  object space 85632K, 0% used [0x0000000782800000,0x0000000782802000,0x0000000787ba0000)
 PSPermGen       total 21248K, used 7086K [0x000000077d600000, 0x000000077eac0000, 0x0000000782800000)
  object space 21248K, 33% used [0x000000077d600000,0x000000077dceb938,0x000000077eac0000)
Event: 18.262 GC heap after
Heap after GC invocations=7 (full 0):
 PSYoungGen      total 30016K, used 32K [0x00000007d62b0000, 0x00000007d8620000, 0x0000000800000000)
  eden space 29952K, 0% used [0x00000007d62b0000,0x00000007d62b0000,0x00000007d7ff0000)
  from space 64K, 50% used [0x00000007d8490000,0x00000007d8498000,0x00000007d84a0000)
  to   space 1536K, 0% used [0x00000007d84a0000,0x00000007d84a0000,0x00000007d8620000)
 ParOldGen       total 85632K, used 1036K [0x0000000782800000, 0x0000000787ba0000, 0x00000007d62b0000)
  object space 85632K, 1% used [0x0000000782800000,0x0000000782903120,0x0000000787ba0000)
 PSPermGen       total 21248K, used 7086K [0x000000077d600000, 0x000000077eac0000, 0x0000000782800000)
  object space 21248K, 33% used [0x000000077d600000,0x000000077dceb938,0x000000077eac0000)
}
Event: 19.002 GC heap before
{Heap before GC invocations=8 (full 0):
 PSYoungGen      total 30016K, used 29984K [0x00000007d62b0000, 0x00000007d8620000, 0x0000000800000000)
  eden space 29952K, 100% used [0x00000007d62b0000,0x00000007d7ff0000,0x00000007d7ff0000)
  from space 64K, 50% used [0x00000007d8490000,0x00000007d8498000,0x00000007d84a0000)
  to   space 1536K, 0% used [0x00000007d84a0000,0x00000007d84a0000,0x00000007d8620000)
 ParOldGen       total 85632K, used 1036K [0x0000000782800000, 0x0000000787ba0000, 0x00000007d62b0000)
  object space 85632K, 1% used [0x0000000782800000,0x0000000782903120,0x0000000787ba0000)
 PSPermGen       total 21248K, used 7086K [0x000000077d600000, 0x000000077eac0000, 0x0000000782800000)
  object space 21248K, 33% used [0x000000077d600000,0x000000077dceb938,0x000000077eac0000)
Event: 19.002 GC heap after
Heap after GC invocations=8 (full 0):
 PSYoungGen      total 29312K, used 32K [0x00000007d62b0000, 0x00000007d84b0000, 0x0000000800000000)
  eden space 29248K, 0% used [0x00000007d62b0000,0x00000007d62b0000,0x00000007d7f40000)
  from space 64K, 50% used [0x00000007d84a0000,0x00000007d84a8000,0x00000007d84b0000)
  to   space 1664K, 0% used [0x00000007d8170000,0x00000007d8170000,0x00000007d8310000)
 ParOldGen       total 85632K, used 1036K [0x0000000782800000, 0x0000000787ba0000, 0x00000007d62b0000)
  object space 85632K, 1% used [0x0000000782800000,0x0000000782903120,0x0000000787ba0000)
 PSPermGen       total 21248K, used 7086K [0x000000077d600000, 0x000000077eac0000, 0x0000000782800000)
  object space 21248K, 33% used [0x000000077d600000,0x000000077dceb938,0x000000077eac0000)
}

